<?xml version="1.0" encoding="UTF-8"?>
<testsuite name="OxfordDictionaryTest" tests="1" skipped="0" failures="0" errors="0" timestamp="2018-05-14T04:33:36" hostname="raspberrypi" time="0.009">
  <properties/>
  <testcase name="testSomeLibraryMethod" classname="OxfordDictionaryTest" time="0.009"/>
  <system-out><![CDATA[]]></system-out>
  <system-err><![CDATA[]]></system-err>
</testsuite>
